<?xml version="1.0" encoding="UTF-8"?>
<testng-results ignored="0" total="1" passed="1" failed="0" skipped="0">
  <reporter-output>
  </reporter-output>
  <suite started-at="2021-10-30T19:12:37 IST" name="Default suite" finished-at="2021-10-30T19:12:43 IST" duration-ms="6016">
    <groups>
    </groups>
    <test started-at="2021-10-30T19:12:37 IST" name="Default test" finished-at="2021-10-30T19:12:43 IST" duration-ms="6016">
      <class name="Continue.FacebookSignUp">
        <test-method signature="initBrow()[pri:0, instance:Continue.FacebookSignUp@460d0a57]" started-at="2021-10-30T19:12:37 IST" name="initBrow" finished-at="2021-10-30T19:12:43 IST" duration-ms="5988" status="PASS">
          <reporter-output>
          </reporter-output>
        </test-method> <!-- initBrow -->
      </class> <!-- Continue.FacebookSignUp -->
    </test> <!-- Default test -->
  </suite> <!-- Default suite -->
</testng-results>
